<?xml version="1.0" encoding="UTF-8"?>
<testng-results skipped="0" failed="0" ignored="0" total="1" passed="1">
  <reporter-output>
  </reporter-output>
  <suite name="Default suite" duration-ms="12687" started-at="2020-03-12T18:57:40 BDT" finished-at="2020-03-12T18:57:53 BDT">
    <groups>
    </groups>
    <test name="Default test" duration-ms="12687" started-at="2020-03-12T18:57:40 BDT" finished-at="2020-03-12T18:57:53 BDT">
      <class name="RunloginTestCaseUsingPom.RunloginTestCase">
        <test-method status="PASS" signature="openBrowser()[pri:0, instance:RunloginTestCaseUsingPom.RunloginTestCase@8f2ef19]" name="openBrowser" is-config="true" duration-ms="9828" started-at="2020-03-12T18:57:40 BDT" finished-at="2020-03-12T18:57:50 BDT">
          <reporter-output>
          </reporter-output>
        </test-method> <!-- openBrowser -->
        <test-method status="PASS" signature="loginTestPositive()[pri:0, instance:RunloginTestCaseUsingPom.RunloginTestCase@8f2ef19]" name="loginTestPositive" duration-ms="2591" started-at="2020-03-12T18:57:50 BDT" finished-at="2020-03-12T18:57:53 BDT">
          <reporter-output>
          </reporter-output>
        </test-method> <!-- loginTestPositive -->
      </class> <!-- RunloginTestCaseUsingPom.RunloginTestCase -->
    </test> <!-- Default test -->
  </suite> <!-- Default suite -->
</testng-results>
